<?xml version="1.0" encoding="UTF-8"?>
<testsuite name="challenge.AppTest" tests="3" skipped="0" failures="0" errors="0" timestamp="2020-03-27T14:17:29" hostname="MacBook-Pro.local" time="0.117">
  <properties/>
  <testcase name="yearSelectedCorrect()" classname="challenge.AppTest" time="0.039"/>
  <testcase name="dateSelectedCorrect()" classname="challenge.AppTest" time="0.037"/>
  <testcase name="monthSelectedCorrect()" classname="challenge.AppTest" time="0.039"/>
  <system-out><![CDATA[]]></system-out>
  <system-err><![CDATA[Mar 27, 2020 3:17:25 PM io.appium.java_client.remote.AppiumCommandExecutor$1 lambda$0
INFO: Detected dialect: W3C
]]></system-err>
</testsuite>
